<?xml version="1.0" encoding="UTF-8"?>
<!-- Generated by org.testng.reporters.JUnitXMLReporter -->
<testsuite ignored="0" hostname="DESKTOP-PPGO32E" failures="0" tests="3" name="Default test" time="17.251" errors="0" timestamp="2025-06-17T18:16:51 IST">
  <testcase classname="tutorialsninja.tests.Register" name="VerifyRegistreWithMandatoryField" time="1.6"/>
  <testcase classname="tutorialsninja.tests.Register" name="VerifyRegistreAccountWithAllFields" time="1.562"/>
  <testcase classname="tutorialsninja.tests.Register" name="VerifyAccountFieldWithoutMandatoryField" time="0.617"/>
</testsuite> <!-- Default test -->
