<?xml version="1.0" encoding="UTF-8"?>
<testng-results ignored="0" total="1" passed="1" failed="0" skipped="0">
  <reporter-output>
  </reporter-output>
  <suite started-at="2025-06-27T11:02:24 IST" name="Default suite" finished-at="2025-06-27T11:02:30 IST" duration-ms="5260">
    <groups>
    </groups>
    <test started-at="2025-06-27T11:02:24 IST" name="Default test" finished-at="2025-06-27T11:02:30 IST" duration-ms="5260">
      <class name="tutorialsninja.tests.TC_RF_014">
        <test-method is-config="true" signature="setup()[pri:0, instance:tutorialsninja.tests.TC_RF_014@22555ebf]" started-at="2025-06-27T11:02:24 IST" name="setup" finished-at="2025-06-27T11:02:29 IST" duration-ms="5087" status="PASS">
          <reporter-output>
          </reporter-output>
        </test-method> <!-- setup -->
        <test-method signature="VerifyMandatoryFieldsSymbolAndColourInRegisterePage()[pri:0, instance:tutorialsninja.tests.TC_RF_014@22555ebf]" started-at="2025-06-27T11:02:29 IST" name="VerifyMandatoryFieldsSymbolAndColourInRegisterePage" finished-at="2025-06-27T11:02:29 IST" duration-ms="42" status="PASS">
          <reporter-output>
          </reporter-output>
        </test-method> <!-- VerifyMandatoryFieldsSymbolAndColourInRegisterePage -->
        <test-method is-config="true" signature="teardown()[pri:0, instance:tutorialsninja.tests.TC_RF_014@22555ebf]" started-at="2025-06-27T11:02:29 IST" name="teardown" finished-at="2025-06-27T11:02:30 IST" duration-ms="108" status="PASS">
          <reporter-output>
          </reporter-output>
        </test-method> <!-- teardown -->
      </class> <!-- tutorialsninja.tests.TC_RF_014 -->
    </test> <!-- Default test -->
  </suite> <!-- Default suite -->
</testng-results>
