<?xml version="1.0" encoding="UTF-8"?>
<!-- Generated by org.testng.reporters.JUnitReportReporter -->
<testsuite hostname="DESKTOP-PPGO32E" failures="0" tests="3" name="tutorialsninja.tests.Register" time="17.218" errors="0" timestamp="2025-06-17T18:16:51 IST" skipped="0">
  <testcase classname="tutorialsninja.tests.Register" name="VerifyRegistreWithMandatoryField" time="5.605"/>
  <testcase classname="tutorialsninja.tests.Register" name="VerifyRegistreAccountWithAllFields" time="5.443"/>
  <testcase classname="tutorialsninja.tests.Register" name="VerifyAccountFieldWithoutMandatoryField" time="6.170"/>
</testsuite> <!-- tutorialsninja.tests.Register -->
